<?xml version="1.0" encoding="UTF-8"?>
<!-- Generated by org.testng.reporters.JUnitReportReporter -->
<testsuite skipped="0" hostname="LBNL01862" name="com.qa.test.CHC_GetPartialURL" tests="5" failures="0" timestamp="10 Dec 2018 23:40:34 GMT" time="7.818" errors="0">
  <testcase name="CreateRequestBody" time="0.009" classname="com.qa.test.CHC_GetPartialURL"/>
  <testcase name="SendReqest" time="0.465" classname="com.qa.test.CHC_GetPartialURL"/>
  <testcase name="LaunchURL" time="4.679" classname="com.qa.test.CHC_GetPartialURL"/>
  <testcase name="EnterPaymentDetails" time="2.656" classname="com.qa.test.CHC_GetPartialURL"/>
  <testcase name="VerifyPayment" time="0.009" classname="com.qa.test.CHC_GetPartialURL"/>
</testsuite> <!-- com.qa.test.CHC_GetPartialURL -->
