<?xml version="1.0" encoding="UTF-8"?>
<!-- Generated by org.testng.reporters.JUnitReportReporter -->
<testsuite skipped="0" hostname="LBNL01862" name="com.qa.test.CHC_GetPartialURL" tests="5" failures="0" timestamp="11 Dec 2018 00:43:47 GMT" time="7.470" errors="0">
  <testcase name="CreateRequestBody" time="0.005" classname="com.qa.test.CHC_GetPartialURL"/>
  <testcase name="SendReqest" time="0.450" classname="com.qa.test.CHC_GetPartialURL"/>
  <testcase name="LaunchURL" time="4.548" classname="com.qa.test.CHC_GetPartialURL"/>
  <testcase name="EnterPaymentDetails" time="2.460" classname="com.qa.test.CHC_GetPartialURL"/>
  <testcase name="VerifyPayment" time="0.007" classname="com.qa.test.CHC_GetPartialURL"/>
</testsuite> <!-- com.qa.test.CHC_GetPartialURL -->
